2022-10-31 00:27:36,301 ERROR [Log] Scenario 1 = FAILED with cause : expected: <£0.50> but was: <£0.00> 
2022-10-31 00:29:16,079 INFO  [Log] Scenario 1 = PASSED 
2022-10-31 00:35:05,395 ERROR [Log] Scenario 1 = FAILED with cause : expected: <£0.50> but was: <£0.00> 
2022-10-31 00:36:18,756 ERROR [Log] Scenario 1 = FAILED with cause : expected: <£0.50> but was: <£0.00> 
2022-10-31 00:36:52,492 ERROR [Log] Scenario 1 = FAILED with cause : expected: <£0.50> but was: <£0.00> 
2022-10-31 00:37:46,117 INFO  [Log] Scenario 1 = PASSED 
2022-10-31 00:39:15,072 INFO  [Log] Scenario 2 = PASSED 
2022-10-31 00:41:16,455 ERROR [Log] Scenario 3 = FAILED with cause : expected: <£30.00> but was: <£48.00> 
2022-10-31 00:42:10,069 INFO  [Log] Scenario 2 = PASSED 
2022-10-31 00:43:58,446 INFO  [Log] Scenario 2 = PASSED 
2022-10-31 00:45:32,598 INFO  [Log] Scenario 3 = PASSED 
2022-10-31 00:47:59,333 ERROR [Log] Scenario 4 = FAILED with cause : expected: <700> but was: <0> 
2022-10-31 00:50:57,242 ERROR [Log] Scenario 4 = FAILED with cause : expected: <700> but was: <0> 
2022-10-31 00:53:45,511 ERROR [Log] Scenario 4 = FAILED with cause : expected: <700> but was: <0> 
2022-10-31 00:55:44,154 ERROR [Log] Scenario 4 = FAILED with cause : expected: <700> but was: <0> 
2022-10-31 00:56:41,961 ERROR [Log] Scenario 4 = FAILED with cause : expected: <700> but was: <0> 
2022-10-31 00:57:17,942 ERROR [Log] Scenario 5 = FAILED with cause : expected: <block> but was: <none> 
2022-10-31 00:58:09,285 ERROR [Log] Scenario 5 = FAILED with cause : expected: <£27.00> but was: <£0.00> 
2022-10-31 00:59:14,666 ERROR [Log] Scenario 5 = FAILED with cause : expected: <block> but was: <none> 
2022-10-31 01:02:24,393 ERROR [Log] Scenario 5 = FAILED with cause : expected: <block> but was: <none> 
2022-10-31 01:03:26,521 ERROR [Log] Scenario 4 = FAILED with cause : expected: <block> but was: <none> 
2022-10-31 01:04:07,941 ERROR [Log] Scenario 5 = FAILED with cause : expected: <block> but was: <none> 
2022-10-31 01:05:20,487 ERROR [Log] Scenario 4 = FAILED with cause : expected: <none> but was: <block> 
2022-10-31 01:07:28,861 ERROR [Log] Scenario 4 = FAILED with cause : expected: <1> but was: <0> 
2022-10-31 01:10:23,927 ERROR [Log] Scenario 4 = FAILED with cause : expected: <0.19> but was: <£0.00> 
2022-10-31 01:11:18,479 ERROR [Log] Scenario 4 = FAILED with cause : expected: <none> but was: <block> 
2022-10-31 01:14:04,868 ERROR [Log] Scenario 4 = FAILED with cause : expected: <none> but was: <block> 
2022-10-31 01:38:34,132 ERROR [Log] Scenario 4 = FAILED with cause : expected: <£272.80> but was: <£249.00> 
2022-10-31 01:41:33,595 ERROR [Log] Scenario 4 = FAILED with cause : expected: <£6.56> but was: <£1.80> 
2022-10-31 01:47:51,313 ERROR [Log] Scenario 4 = FAILED with cause : no such element: Unable to locate element: {"method":"css selector","selector":".ng-isolate-scope tbody tr:nth-child(5)"}
  (Session info: chrome=106.0.5249.119)
For documentation on this error, please visit: https://selenium.dev/exceptions/#no_such_element
Build info: version: '4.1.4', revision: '535d840ee2'
System info: host: 'Meliha-Yrtar-MacBook-Air.local', ip: 'fe80:0:0:0:54:9b6:d8c7:982b%en0', os.name: 'Mac OS X', os.arch: 'x86_64', os.version: '10.16', java.version: '1.8.0_201'
Driver info: org.openqa.selenium.chrome.ChromeDriver
Command: [7f2bb2161c8d512ad38c86fa6465d46b, findElement {using=css selector, value=.ng-isolate-scope tbody tr:nth-child(5)}]
Capabilities {acceptInsecureCerts: false, browserName: chrome, browserVersion: 106.0.5249.119, chrome: {chromedriverVersion: 106.0.5249.61 (511755355844..., userDataDir: /var/folders/55/74nh5c3x6w7...}, goog:chromeOptions: {debuggerAddress: localhost:55777}, javascriptEnabled: true, networkConnectionEnabled: false, pageLoadStrategy: normal, platform: MAC, platformName: MAC, proxy: Proxy(), se:cdp: ws://localhost:55777/devtoo..., se:cdpVersion: 106.0.5249.119, setWindowRect: true, strictFileInteractability: false, timeouts: {implicit: 0, pageLoad: 300000, script: 30000}, unhandledPromptBehavior: dismiss and notify, webauthn:extension:credBlob: true, webauthn:extension:largeBlob: true, webauthn:virtualAuthenticators: true}
Session ID: 7f2bb2161c8d512ad38c86fa6465d46b 
2022-10-31 01:51:10,047 ERROR [Log] Scenario 4 = FAILED with cause : expected: <£224.30> but was: <£200.50> 
2022-10-31 01:54:30,697 ERROR [Log] Scenario 4 = FAILED with cause : expected: <£347.80> but was: <£211.50> 
2022-10-31 01:57:05,248 INFO  [Log] Scenario 4 = PASSED 
2022-10-31 01:57:59,771 ERROR [Log] Scenario 5 = FAILED with cause : expected: <block> but was: <none> 
2022-10-31 01:58:57,047 ERROR [Log] Scenario 5 = FAILED with cause : expected: <block> but was: <none> 
2022-10-31 01:59:55,857 ERROR [Log] Scenario 5 = FAILED with cause : expected: <3> but was: <0> 
2022-10-31 02:00:44,292 ERROR [Log] Scenario 5 = FAILED with cause : expected: <3> but was: <0> 
2022-10-31 02:02:41,757 ERROR [Log] Scenario 6 = FAILED with cause : expected: <block> but was: <none> 
2022-10-31 02:04:00,008 ERROR [Log] Scenario 6 = FAILED with cause : expected: <block> but was: <none> 
2022-10-31 02:04:56,879 ERROR [Log] Scenario 6 = FAILED with cause : expected: <block> but was: <none> 
2022-10-31 02:05:55,202 ERROR [Log] Scenario 6 = FAILED with cause : expected: <7> but was: <6> 
2022-10-31 02:07:19,698 ERROR [Log] Scenario 6 = FAILED with cause : expected: <5> but was: <35215> 
2022-10-31 02:10:32,985 ERROR [Log] Scenario 6 = FAILED with cause : expected: <£188.37> but was: <£811.37> 
2022-10-31 02:12:57,825 INFO  [Log] Scenario 6 = PASSED 
2022-10-31 02:34:32,931 INFO  [Log] Scenario 2 = PASSED 
2022-10-31 02:41:27,345 ERROR [Log] Scenario 7 = FAILED with cause : element click intercepted: Element <button class="col-xs-6 flexItem btn wrap btn3dSale ng-scope" type="button" data-ng-click="playKeySound(); enterCode()" name="btnEnterCode" translate="ENTER_CODE_LB">...</button> is not clickable at point (660, 347). Other element would receive the click: <button type="button" data-ng-click="playKeySound(); addCodeValue('4');" class="flexItem btn  btn3dSale keypadbtn">...</button>
  (Session info: chrome=106.0.5249.119)
Build info: version: '4.1.4', revision: '535d840ee2'
System info: host: 'Meliha-Yrtar-MacBook-Air.local', ip: 'fe80:0:0:0:54:9b6:d8c7:982b%en0', os.name: 'Mac OS X', os.arch: 'x86_64', os.version: '10.16', java.version: '1.8.0_201'
Driver info: org.openqa.selenium.chrome.ChromeDriver
Command: [f8566ba61ed1a422d5ba2a9635374385, clickElement {id=dd001776-06a1-4937-8a43-d031486c1758}]
Capabilities {acceptInsecureCerts: false, browserName: chrome, browserVersion: 106.0.5249.119, chrome: {chromedriverVersion: 106.0.5249.61 (511755355844..., userDataDir: /var/folders/55/74nh5c3x6w7...}, goog:chromeOptions: {debuggerAddress: localhost:56722}, javascriptEnabled: true, networkConnectionEnabled: false, pageLoadStrategy: normal, platform: MAC, platformName: MAC, proxy: Proxy(), se:cdp: ws://localhost:56722/devtoo..., se:cdpVersion: 106.0.5249.119, setWindowRect: true, strictFileInteractability: false, timeouts: {implicit: 0, pageLoad: 300000, script: 30000}, unhandledPromptBehavior: dismiss and notify, webauthn:extension:credBlob: true, webauthn:extension:largeBlob: true, webauthn:virtualAuthenticators: true}
Element: [[ChromeDriver: chrome on MAC (f8566ba61ed1a422d5ba2a9635374385)] -> css selector: .col-xs-6[translate="ENTER_CODE_LB"]]
Session ID: f8566ba61ed1a422d5ba2a9635374385 
2022-10-31 02:43:25,577 ERROR [Log] Scenario 7 = FAILED with cause : element click intercepted: Element <button class="col-xs-6 flexItem btn wrap btn3dSale ng-scope" type="button" data-ng-click="playKeySound(); enterCode()" name="btnEnterCode" translate="ENTER_CODE_LB">...</button> is not clickable at point (660, 347). Other element would receive the click: <button type="button" data-ng-click="playKeySound(); addCodeValue('4');" class="flexItem btn  btn3dSale keypadbtn">...</button>
  (Session info: chrome=106.0.5249.119)
Build info: version: '4.1.4', revision: '535d840ee2'
System info: host: 'Meliha-Yrtar-MacBook-Air.local', ip: 'fe80:0:0:0:54:9b6:d8c7:982b%en0', os.name: 'Mac OS X', os.arch: 'x86_64', os.version: '10.16', java.version: '1.8.0_201'
Driver info: org.openqa.selenium.chrome.ChromeDriver
Command: [4066e122c5f6d6ed150aedb6cb1a0176, clickElement {id=ec4079b2-f20d-4317-b8b7-ef3cc80ce213}]
Capabilities {acceptInsecureCerts: false, browserName: chrome, browserVersion: 106.0.5249.119, chrome: {chromedriverVersion: 106.0.5249.61 (511755355844..., userDataDir: /var/folders/55/74nh5c3x6w7...}, goog:chromeOptions: {debuggerAddress: localhost:56750}, javascriptEnabled: true, networkConnectionEnabled: false, pageLoadStrategy: normal, platform: MAC, platformName: MAC, proxy: Proxy(), se:cdp: ws://localhost:56750/devtoo..., se:cdpVersion: 106.0.5249.119, setWindowRect: true, strictFileInteractability: false, timeouts: {implicit: 0, pageLoad: 300000, script: 30000}, unhandledPromptBehavior: dismiss and notify, webauthn:extension:credBlob: true, webauthn:extension:largeBlob: true, webauthn:virtualAuthenticators: true}
Element: [[ChromeDriver: chrome on MAC (4066e122c5f6d6ed150aedb6cb1a0176)] -> css selector: .col-xs-6[translate="ENTER_CODE_LB"]]
Session ID: 4066e122c5f6d6ed150aedb6cb1a0176 
2022-10-31 02:44:47,340 ERROR [Log] Scenario 7 = FAILED with cause : expected: <block> but was: <none> 
2022-10-31 02:49:00,443 ERROR [Log] Scenario 7 = FAILED with cause : expected: <block> but was: <none> 
2022-10-31 02:50:39,685 ERROR [Log] Scenario 7 = FAILED with cause : expected: <block> but was: <none> 
2022-10-31 03:07:04,487 ERROR [Log] Scenario 7 = FAILED with cause : expected: <block> but was: <none> 
2022-10-31 03:09:36,137 ERROR [Log] Scenario 7 = FAILED with cause : expected: <block> but was: <none> 
2022-10-31 21:48:20,181 ERROR [Log] Scenario 7 = FAILED with cause : expected: <block> but was: <none> 
2022-10-31 21:51:16,729 ERROR [Log] Scenario 7 = FAILED with cause : element click intercepted: Element <button id="btnCash" class="flexItem btn btn3dSale wrap ng-binding" type="button" data-ng-click="playKeySound(); payBasket('...')">CASH</button> is not clickable at point (1350, 590). Other element would receive the click: <div class="modal in" id="keypadModal" role="dialog" data-backdrop="static" style="display: block;">...</div>
  (Session info: chrome=107.0.5304.87)
Build info: version: '4.1.4', revision: '535d840ee2'
System info: host: 'Meliha-Yrtar-MacBook-Air.local', ip: 'fe80:0:0:0:c68:b170:16e9:57fd%en0', os.name: 'Mac OS X', os.arch: 'x86_64', os.version: '10.16', java.version: '1.8.0_201'
Driver info: org.openqa.selenium.chrome.ChromeDriver
Command: [7fef9c87183f5a9bee67d558ac076db3, clickElement {id=a46c3bdf-d634-4538-a72a-f9e8c024fa34}]
Capabilities {acceptInsecureCerts: false, browserName: chrome, browserVersion: 107.0.5304.87, chrome: {chromedriverVersion: 107.0.5304.62 (1eec40d3a576..., userDataDir: /var/folders/55/74nh5c3x6w7...}, goog:chromeOptions: {debuggerAddress: localhost:49304}, javascriptEnabled: true, networkConnectionEnabled: false, pageLoadStrategy: normal, platform: MAC, platformName: MAC, proxy: Proxy(), se:cdp: ws://localhost:49304/devtoo..., se:cdpVersion: 107.0.5304.87, setWindowRect: true, strictFileInteractability: false, timeouts: {implicit: 0, pageLoad: 300000, script: 30000}, unhandledPromptBehavior: dismiss and notify, webauthn:extension:credBlob: true, webauthn:extension:largeBlob: true, webauthn:virtualAuthenticators: true}
Element: [[ChromeDriver: chrome on MAC (7fef9c87183f5a9bee67d558ac076db3)] -> id: btnCash]
Session ID: 7fef9c87183f5a9bee67d558ac076db3 
2022-10-31 21:53:49,935 INFO  [Log] Scenario 7 = PASSED 
2022-10-31 21:54:32,893 ERROR [Log] Scenario 8 = FAILED with cause : element click intercepted: Element <button type="button" data-ng-click="playKeySound(); addCode('4');" class="flexItem btn  btn3dSale keypadbtn">...</button> is not clickable at point (911, 521). Other element would receive the click: <div class="modal in" id="keypadModal" role="dialog" data-backdrop="static" style="display: block;">...</div>
  (Session info: chrome=107.0.5304.87)
Build info: version: '4.1.4', revision: '535d840ee2'
System info: host: 'Meliha-Yrtar-MacBook-Air.local', ip: 'fe80:0:0:0:c68:b170:16e9:57fd%en0', os.name: 'Mac OS X', os.arch: 'x86_64', os.version: '10.16', java.version: '1.8.0_201'
Driver info: org.openqa.selenium.chrome.ChromeDriver
Command: [3651d706733114edf75c8f5321488416, clickElement {id=9d725b39-015b-41b9-9411-628d637da8a0}]
Capabilities {acceptInsecureCerts: false, browserName: chrome, browserVersion: 107.0.5304.87, chrome: {chromedriverVersion: 107.0.5304.62 (1eec40d3a576..., userDataDir: /var/folders/55/74nh5c3x6w7...}, goog:chromeOptions: {debuggerAddress: localhost:49367}, javascriptEnabled: true, networkConnectionEnabled: false, pageLoadStrategy: normal, platform: MAC, platformName: MAC, proxy: Proxy(), se:cdp: ws://localhost:49367/devtoo..., se:cdpVersion: 107.0.5304.87, setWindowRect: true, strictFileInteractability: false, timeouts: {implicit: 0, pageLoad: 300000, script: 30000}, unhandledPromptBehavior: dismiss and notify, webauthn:extension:credBlob: true, webauthn:extension:largeBlob: true, webauthn:virtualAuthenticators: true}
Element: [[ChromeDriver: chrome on MAC (3651d706733114edf75c8f5321488416)] -> css selector: .flexItem[data-ng-click="playKeySound(); addCode('4');"]]
Session ID: 3651d706733114edf75c8f5321488416 
2022-10-31 21:56:48,280 ERROR [Log] Scenario 8 = FAILED with cause : The keyboard screen did not open to enter the weight of the product. ==> expected: <block> but was: <none> 
2022-10-31 21:57:57,645 ERROR [Log] Scenario 8 = FAILED with cause : expected: <WATERMELON   1
										kg@£40.00> but was: <WATERMELON   1
										kg@£94.00> 
2022-10-31 22:02:49,482 INFO  [Log] Scenario 8 = PASSED 
2022-10-31 22:07:42,694 ERROR [Log] Scenario 9 = FAILED with cause : The keyboard screen did not open to enter the weight of the product. ==> expected: <block> but was: <none> 
2022-10-31 22:16:28,927 ERROR [Log] Scenario 9 = FAILED with cause : The keyboard screen did not open to enter the weight of the product. ==> expected: <block> but was: <none> 
2022-10-31 22:17:31,167 ERROR [Log] Scenario 9 = FAILED with cause : no such window: target window already closed
from unknown error: web view not found
  (Session info: chrome=107.0.5304.87)
Build info: version: '4.1.4', revision: '535d840ee2'
System info: host: 'Meliha-Yrtar-MacBook-Air.local', ip: 'fe80:0:0:0:c68:b170:16e9:57fd%en0', os.name: 'Mac OS X', os.arch: 'x86_64', os.version: '10.16', java.version: '1.8.0_201'
Driver info: org.openqa.selenium.chrome.ChromeDriver
Command: [c70d3d6d9940e5782c348ab633858583, findElement {using=id, value=keypadModal}]
Capabilities {acceptInsecureCerts: false, browserName: chrome, browserVersion: 107.0.5304.87, chrome: {chromedriverVersion: 107.0.5304.62 (1eec40d3a576..., userDataDir: /var/folders/55/74nh5c3x6w7...}, goog:chromeOptions: {debuggerAddress: localhost:49551}, javascriptEnabled: true, networkConnectionEnabled: false, pageLoadStrategy: normal, platform: MAC, platformName: MAC, proxy: Proxy(), se:cdp: ws://localhost:49551/devtoo..., se:cdpVersion: 107.0.5304.87, setWindowRect: true, strictFileInteractability: false, timeouts: {implicit: 0, pageLoad: 300000, script: 30000}, unhandledPromptBehavior: dismiss and notify, webauthn:extension:credBlob: true, webauthn:extension:largeBlob: true, webauthn:virtualAuthenticators: true}
Session ID: c70d3d6d9940e5782c348ab633858583 
2022-10-31 22:18:12,054 ERROR [Log] Scenario 9 = FAILED with cause : no such window: target window already closed
from unknown error: web view not found
  (Session info: chrome=107.0.5304.87)
Build info: version: '4.1.4', revision: '535d840ee2'
System info: host: 'Meliha-Yrtar-MacBook-Air.local', ip: 'fe80:0:0:0:c68:b170:16e9:57fd%en0', os.name: 'Mac OS X', os.arch: 'x86_64', os.version: '10.16', java.version: '1.8.0_201'
Driver info: org.openqa.selenium.chrome.ChromeDriver
Command: [43faef01241e8e02aad51e7f776dc3f5, executeScript {script= $("button:contains(\'ABC\')").filter(function(){ return $(this).text() == 'ABC'; }).trigger("click");, args=[]}]
Capabilities {acceptInsecureCerts: false, browserName: chrome, browserVersion: 107.0.5304.87, chrome: {chromedriverVersion: 107.0.5304.62 (1eec40d3a576..., userDataDir: /var/folders/55/74nh5c3x6w7...}, goog:chromeOptions: {debuggerAddress: localhost:49573}, javascriptEnabled: true, networkConnectionEnabled: false, pageLoadStrategy: normal, platform: MAC, platformName: MAC, proxy: Proxy(), se:cdp: ws://localhost:49573/devtoo..., se:cdpVersion: 107.0.5304.87, setWindowRect: true, strictFileInteractability: false, timeouts: {implicit: 0, pageLoad: 300000, script: 30000}, unhandledPromptBehavior: dismiss and notify, webauthn:extension:credBlob: true, webauthn:extension:largeBlob: true, webauthn:virtualAuthenticators: true}
Session ID: 43faef01241e8e02aad51e7f776dc3f5 
2022-10-31 22:19:00,292 ERROR [Log] Scenario 9 = FAILED with cause : no such window: target window already closed
from unknown error: web view not found
  (Session info: chrome=107.0.5304.87)
Build info: version: '4.1.4', revision: '535d840ee2'
System info: host: 'Meliha-Yrtar-MacBook-Air.local', ip: 'fe80:0:0:0:c68:b170:16e9:57fd%en0', os.name: 'Mac OS X', os.arch: 'x86_64', os.version: '10.16', java.version: '1.8.0_201'
Driver info: org.openqa.selenium.chrome.ChromeDriver
Command: [641825c96f4bbf1dbf7581106a3c09cb, executeScript {script=$("span:contains('Cherry Sour')").parent().click(), args=[]}]
Capabilities {acceptInsecureCerts: false, browserName: chrome, browserVersion: 107.0.5304.87, chrome: {chromedriverVersion: 107.0.5304.62 (1eec40d3a576..., userDataDir: /var/folders/55/74nh5c3x6w7...}, goog:chromeOptions: {debuggerAddress: localhost:49596}, javascriptEnabled: true, networkConnectionEnabled: false, pageLoadStrategy: normal, platform: MAC, platformName: MAC, proxy: Proxy(), se:cdp: ws://localhost:49596/devtoo..., se:cdpVersion: 107.0.5304.87, setWindowRect: true, strictFileInteractability: false, timeouts: {implicit: 0, pageLoad: 300000, script: 30000}, unhandledPromptBehavior: dismiss and notify, webauthn:extension:credBlob: true, webauthn:extension:largeBlob: true, webauthn:virtualAuthenticators: true}
Session ID: 641825c96f4bbf1dbf7581106a3c09cb 
2022-10-31 22:19:39,999 ERROR [Log] Scenario 9 = FAILED with cause : The keyboard screen did not open to enter the weight of the product. ==> expected: <block> but was: <none> 
2022-10-31 22:20:27,570 ERROR [Log] Scenario 9 = FAILED with cause : The number of items entered in the basket does not match. ==> expected: <4> but was: <1> 
2022-10-31 22:21:29,941 ERROR [Log] Scenario 9 = FAILED with cause : no such window: target window already closed
from unknown error: web view not found
  (Session info: chrome=107.0.5304.87)
Build info: version: '4.1.4', revision: '535d840ee2'
System info: host: 'Meliha-Yrtar-MacBook-Air.local', ip: 'fe80:0:0:0:c68:b170:16e9:57fd%en0', os.name: 'Mac OS X', os.arch: 'x86_64', os.version: '10.16', java.version: '1.8.0_201'
Driver info: org.openqa.selenium.chrome.ChromeDriver
Command: [644c0a15ea58a2c3a89338955665ce12, executeScript {script=$("span:contains('Cherry Sour')").parent().click(), args=[]}]
Capabilities {acceptInsecureCerts: false, browserName: chrome, browserVersion: 107.0.5304.87, chrome: {chromedriverVersion: 107.0.5304.62 (1eec40d3a576..., userDataDir: /var/folders/55/74nh5c3x6w7...}, goog:chromeOptions: {debuggerAddress: localhost:49666}, javascriptEnabled: true, networkConnectionEnabled: false, pageLoadStrategy: normal, platform: MAC, platformName: MAC, proxy: Proxy(), se:cdp: ws://localhost:49666/devtoo..., se:cdpVersion: 107.0.5304.87, setWindowRect: true, strictFileInteractability: false, timeouts: {implicit: 0, pageLoad: 300000, script: 30000}, unhandledPromptBehavior: dismiss and notify, webauthn:extension:credBlob: true, webauthn:extension:largeBlob: true, webauthn:virtualAuthenticators: true}
Session ID: 644c0a15ea58a2c3a89338955665ce12 
2022-10-31 22:22:18,091 ERROR [Log] Scenario 9 = FAILED with cause : no such window: target window already closed
from unknown error: web view not found
  (Session info: chrome=107.0.5304.87)
Build info: version: '4.1.4', revision: '535d840ee2'
System info: host: 'Meliha-Yrtar-MacBook-Air.local', ip: 'fe80:0:0:0:c68:b170:16e9:57fd%en0', os.name: 'Mac OS X', os.arch: 'x86_64', os.version: '10.16', java.version: '1.8.0_201'
Driver info: org.openqa.selenium.chrome.ChromeDriver
Command: [4d591fa75c0fed510854515c96e3068a, executeScript {script= $("button:contains(\'ABC\')").filter(function(){ return $(this).text() == 'ABC'; }).trigger("click");, args=[]}]
Capabilities {acceptInsecureCerts: false, browserName: chrome, browserVersion: 107.0.5304.87, chrome: {chromedriverVersion: 107.0.5304.62 (1eec40d3a576..., userDataDir: /var/folders/55/74nh5c3x6w7...}, goog:chromeOptions: {debuggerAddress: localhost:49691}, javascriptEnabled: true, networkConnectionEnabled: false, pageLoadStrategy: normal, platform: MAC, platformName: MAC, proxy: Proxy(), se:cdp: ws://localhost:49691/devtoo..., se:cdpVersion: 107.0.5304.87, setWindowRect: true, strictFileInteractability: false, timeouts: {implicit: 0, pageLoad: 300000, script: 30000}, unhandledPromptBehavior: dismiss and notify, webauthn:extension:credBlob: true, webauthn:extension:largeBlob: true, webauthn:virtualAuthenticators: true}
Session ID: 4d591fa75c0fed510854515c96e3068a 
2022-10-31 22:24:06,241 ERROR [Log] Scenario 9 = FAILED with cause : The number of items entered in the basket does not match. ==> expected: <4> but was: <5> 
2022-10-31 22:26:17,204 ERROR [Log] Scenario 9 = FAILED with cause : The numbers entered on the keyboard screen that opens do not match. ==> expected: <100> but was: <10> 
2022-10-31 22:28:03,492 ERROR [Log] Scenario 9 = FAILED with cause : The total price in the basket does not match. ==> expected: <£11.68> but was: <£17.91> 
2022-10-31 22:30:37,624 INFO  [Log] Scenario 9 = PASSED 
2022-10-31 22:32:09,190 ERROR [Log] Scenario 10 = FAILED with cause : no such element: Unable to locate element: {"method":"css selector","selector":".btn[data-ng-click="playKeySound(); gotoPage( - 1)"]"}
  (Session info: chrome=107.0.5304.87)
For documentation on this error, please visit: https://selenium.dev/exceptions/#no_such_element
Build info: version: '4.1.4', revision: '535d840ee2'
System info: host: 'Meliha-Yrtar-MacBook-Air.local', ip: 'fe80:0:0:0:c68:b170:16e9:57fd%en0', os.name: 'Mac OS X', os.arch: 'x86_64', os.version: '10.16', java.version: '1.8.0_201'
Driver info: org.openqa.selenium.chrome.ChromeDriver
Command: [66a1bea5abec6976dc919056da0f61b8, findElement {using=css selector, value=.btn[data-ng-click="playKeySound(); gotoPage( - 1)"]}]
Capabilities {acceptInsecureCerts: false, browserName: chrome, browserVersion: 107.0.5304.87, chrome: {chromedriverVersion: 107.0.5304.62 (1eec40d3a576..., userDataDir: /var/folders/55/74nh5c3x6w7...}, goog:chromeOptions: {debuggerAddress: localhost:49818}, javascriptEnabled: true, networkConnectionEnabled: false, pageLoadStrategy: normal, platform: MAC, platformName: MAC, proxy: Proxy(), se:cdp: ws://localhost:49818/devtoo..., se:cdpVersion: 107.0.5304.87, setWindowRect: true, strictFileInteractability: false, timeouts: {implicit: 0, pageLoad: 300000, script: 30000}, unhandledPromptBehavior: dismiss and notify, webauthn:extension:credBlob: true, webauthn:extension:largeBlob: true, webauthn:virtualAuthenticators: true}
Session ID: 66a1bea5abec6976dc919056da0f61b8 
2022-10-31 22:33:08,060 ERROR [Log] Scenario 10 = FAILED with cause : element click intercepted: Element <button type="button" class="btn  btn3dSale alphabet-button button flexItem salePageComponent " style="height: 100%;" data-ng-click="playKeySound(); gotoPage( - 1)">...</button> is not clickable at point (557, 630). Other element would receive the click: <div class="modal in" id="keypadModal" role="dialog" data-backdrop="static" style="display: block;">...</div>
  (Session info: chrome=107.0.5304.87)
Build info: version: '4.1.4', revision: '535d840ee2'
System info: host: 'Meliha-Yrtar-MacBook-Air.local', ip: 'fe80:0:0:0:c68:b170:16e9:57fd%en0', os.name: 'Mac OS X', os.arch: 'x86_64', os.version: '10.16', java.version: '1.8.0_201'
Driver info: org.openqa.selenium.chrome.ChromeDriver
Command: [9547cd407c8caf1770c4ea17187a6232, clickElement {id=2b98aa5a-7327-49c4-8eed-10abaaeadfc7}]
Capabilities {acceptInsecureCerts: false, browserName: chrome, browserVersion: 107.0.5304.87, chrome: {chromedriverVersion: 107.0.5304.62 (1eec40d3a576..., userDataDir: /var/folders/55/74nh5c3x6w7...}, goog:chromeOptions: {debuggerAddress: localhost:49843}, javascriptEnabled: true, networkConnectionEnabled: false, pageLoadStrategy: normal, platform: MAC, platformName: MAC, proxy: Proxy(), se:cdp: ws://localhost:49843/devtoo..., se:cdpVersion: 107.0.5304.87, setWindowRect: true, strictFileInteractability: false, timeouts: {implicit: 0, pageLoad: 300000, script: 30000}, unhandledPromptBehavior: dismiss and notify, webauthn:extension:credBlob: true, webauthn:extension:largeBlob: true, webauthn:virtualAuthenticators: true}
Element: [[ChromeDriver: chrome on MAC (9547cd407c8caf1770c4ea17187a6232)] -> css selector: .btn[data-ng-click="playKeySound(); gotoPage( - 1)"]]
Session ID: 9547cd407c8caf1770c4ea17187a6232 
2022-10-31 22:37:36,858 INFO  [Log] Scenario 10 = PASSED 
2022-11-01 00:23:06,483 ERROR [Log] Scenario 11 = FAILED with cause : no such element: Unable to locate element: {"method":"css selector","selector":".mgnButton[data-ng-click="playKeySound(); gotoState('management')"]"}
  (Session info: chrome=107.0.5304.87)
For documentation on this error, please visit: https://selenium.dev/exceptions/#no_such_element
Build info: version: '4.1.4', revision: '535d840ee2'
System info: host: 'Meliha-Yrtar-MacBook-Air.local', ip: 'fe80:0:0:0:c68:b170:16e9:57fd%en0', os.name: 'Mac OS X', os.arch: 'x86_64', os.version: '10.16', java.version: '1.8.0_201'
Driver info: org.openqa.selenium.chrome.ChromeDriver
Command: [a9535b4207a94c830775292ebfa4caf4, findElement {using=css selector, value=.mgnButton[data-ng-click="playKeySound(); gotoState('management')"]}]
Capabilities {acceptInsecureCerts: false, browserName: chrome, browserVersion: 107.0.5304.87, chrome: {chromedriverVersion: 107.0.5304.62 (1eec40d3a576..., userDataDir: /var/folders/55/74nh5c3x6w7...}, goog:chromeOptions: {debuggerAddress: localhost:50008}, javascriptEnabled: true, networkConnectionEnabled: false, pageLoadStrategy: normal, platform: MAC, platformName: MAC, proxy: Proxy(), se:cdp: ws://localhost:50008/devtoo..., se:cdpVersion: 107.0.5304.87, setWindowRect: true, strictFileInteractability: false, timeouts: {implicit: 0, pageLoad: 300000, script: 30000}, unhandledPromptBehavior: dismiss and notify, webauthn:extension:credBlob: true, webauthn:extension:largeBlob: true, webauthn:virtualAuthenticators: true}
Session ID: a9535b4207a94c830775292ebfa4caf4 
2022-11-01 00:29:09,407 ERROR [Log] Scenario 11 = FAILED with cause : no such element: Unable to locate element: {"method":"css selector","selector":".data[data-index="0"]"}
  (Session info: chrome=107.0.5304.87)
For documentation on this error, please visit: https://selenium.dev/exceptions/#no_such_element
Build info: version: '4.1.4', revision: '535d840ee2'
System info: host: 'Meliha-Yrtar-MacBook-Air.local', ip: 'fe80:0:0:0:c68:b170:16e9:57fd%en0', os.name: 'Mac OS X', os.arch: 'x86_64', os.version: '10.16', java.version: '1.8.0_201'
Driver info: org.openqa.selenium.chrome.ChromeDriver
Command: [9f8eade890af7a80fde2126cc5c4a6e3, findElement {using=css selector, value=.data[data-index="0"]}]
Capabilities {acceptInsecureCerts: false, browserName: chrome, browserVersion: 107.0.5304.87, chrome: {chromedriverVersion: 107.0.5304.62 (1eec40d3a576..., userDataDir: /var/folders/55/74nh5c3x6w7...}, goog:chromeOptions: {debuggerAddress: localhost:50043}, javascriptEnabled: true, networkConnectionEnabled: false, pageLoadStrategy: normal, platform: MAC, platformName: MAC, proxy: Proxy(), se:cdp: ws://localhost:50043/devtoo..., se:cdpVersion: 107.0.5304.87, setWindowRect: true, strictFileInteractability: false, timeouts: {implicit: 0, pageLoad: 300000, script: 30000}, unhandledPromptBehavior: dismiss and notify, webauthn:extension:credBlob: true, webauthn:extension:largeBlob: true, webauthn:virtualAuthenticators: true}
Session ID: 9f8eade890af7a80fde2126cc5c4a6e3 
2022-11-01 00:32:00,542 ERROR [Log] Scenario 11 = FAILED with cause : no such element: Unable to locate element: {"method":"css selector","selector":".data[data-index="0"]"}
  (Session info: chrome=107.0.5304.87)
For documentation on this error, please visit: https://selenium.dev/exceptions/#no_such_element
Build info: version: '4.1.4', revision: '535d840ee2'
System info: host: 'Meliha-Yrtar-MacBook-Air.local', ip: 'fe80:0:0:0:c68:b170:16e9:57fd%en0', os.name: 'Mac OS X', os.arch: 'x86_64', os.version: '10.16', java.version: '1.8.0_201'
Driver info: org.openqa.selenium.chrome.ChromeDriver
Command: [7dd4078690ab4146015c1a217cc0ee58, findElement {using=css selector, value=.data[data-index="0"]}]
Capabilities {acceptInsecureCerts: false, browserName: chrome, browserVersion: 107.0.5304.87, chrome: {chromedriverVersion: 107.0.5304.62 (1eec40d3a576..., userDataDir: /var/folders/55/74nh5c3x6w7...}, goog:chromeOptions: {debuggerAddress: localhost:50074}, javascriptEnabled: true, networkConnectionEnabled: false, pageLoadStrategy: normal, platform: MAC, platformName: MAC, proxy: Proxy(), se:cdp: ws://localhost:50074/devtoo..., se:cdpVersion: 107.0.5304.87, setWindowRect: true, strictFileInteractability: false, timeouts: {implicit: 0, pageLoad: 300000, script: 30000}, unhandledPromptBehavior: dismiss and notify, webauthn:extension:credBlob: true, webauthn:extension:largeBlob: true, webauthn:virtualAuthenticators: true}
Session ID: 7dd4078690ab4146015c1a217cc0ee58 
2022-11-01 00:38:40,408 INFO  [Log] Scenario 11 = PASSED 
2022-11-01 00:44:10,928 ERROR [Log] Scenario 12 = FAILED with cause : The yes/no screen to confirm age did not pop up. ==> expected: <block> but was: <none> 
2022-11-01 00:46:01,572 INFO  [Log] Scenario 12 = PASSED 
2022-11-01 00:51:41,416 ERROR [Log] Scenario 12 = FAILED with cause : no such element: Unable to locate element: {"method":"css selector","selector":".mgnButton[data-ng-click="playKeySound(); gotoState('management')"]"}
  (Session info: chrome=107.0.5304.87)
For documentation on this error, please visit: https://selenium.dev/exceptions/#no_such_element
Build info: version: '4.1.4', revision: '535d840ee2'
System info: host: 'Meliha-Yrtar-MacBook-Air.local', ip: 'fe80:0:0:0:c68:b170:16e9:57fd%en0', os.name: 'Mac OS X', os.arch: 'x86_64', os.version: '10.16', java.version: '1.8.0_201'
Driver info: org.openqa.selenium.chrome.ChromeDriver
Command: [df677ffd5379293409cc2da943ad7695, findElement {using=css selector, value=.mgnButton[data-ng-click="playKeySound(); gotoState('management')"]}]
Capabilities {acceptInsecureCerts: false, browserName: chrome, browserVersion: 107.0.5304.87, chrome: {chromedriverVersion: 107.0.5304.62 (1eec40d3a576..., userDataDir: /var/folders/55/74nh5c3x6w7...}, goog:chromeOptions: {debuggerAddress: localhost:50246}, javascriptEnabled: true, networkConnectionEnabled: false, pageLoadStrategy: normal, platform: MAC, platformName: MAC, proxy: Proxy(), se:cdp: ws://localhost:50246/devtoo..., se:cdpVersion: 107.0.5304.87, setWindowRect: true, strictFileInteractability: false, timeouts: {implicit: 0, pageLoad: 300000, script: 30000}, unhandledPromptBehavior: dismiss and notify, webauthn:extension:credBlob: true, webauthn:extension:largeBlob: true, webauthn:virtualAuthenticators: true}
Session ID: df677ffd5379293409cc2da943ad7695 
2022-11-01 00:55:41,814 ERROR [Log] Scenario 12 = FAILED with cause : The number of items entered in the basket does not match. ==> expected: <3> but was: <0> 
2022-11-01 01:00:46,040 ERROR [Log] Scenario 12 = FAILED with cause : The number of items entered in the basket does not match. ==> expected: <3> but was: <0> 
2022-11-01 01:05:10,320 INFO  [Log] Scenario 12 = PASSED 
2022-11-01 01:11:41,584 ERROR [Log] Scenario 14 = FAILED with cause : no such element: Unable to locate element: {"method":"css selector","selector":".mgnButton[data-ng-click="playKeySound(); gotoState('management')"]"}
  (Session info: chrome=107.0.5304.87)
For documentation on this error, please visit: https://selenium.dev/exceptions/#no_such_element
Build info: version: '4.1.4', revision: '535d840ee2'
System info: host: 'Meliha-Yrtar-MacBook-Air.local', ip: 'fe80:0:0:0:c68:b170:16e9:57fd%en0', os.name: 'Mac OS X', os.arch: 'x86_64', os.version: '10.16', java.version: '1.8.0_201'
Driver info: org.openqa.selenium.chrome.ChromeDriver
Command: [d1db2394d2820d24afe521893f8266f4, findElement {using=css selector, value=.mgnButton[data-ng-click="playKeySound(); gotoState('management')"]}]
Capabilities {acceptInsecureCerts: false, browserName: chrome, browserVersion: 107.0.5304.87, chrome: {chromedriverVersion: 107.0.5304.62 (1eec40d3a576..., userDataDir: /var/folders/55/74nh5c3x6w7...}, goog:chromeOptions: {debuggerAddress: localhost:52873}, javascriptEnabled: true, networkConnectionEnabled: false, pageLoadStrategy: normal, platform: MAC, platformName: MAC, proxy: Proxy(), se:cdp: ws://localhost:52873/devtoo..., se:cdpVersion: 107.0.5304.87, setWindowRect: true, strictFileInteractability: false, timeouts: {implicit: 0, pageLoad: 300000, script: 30000}, unhandledPromptBehavior: dismiss and notify, webauthn:extension:credBlob: true, webauthn:extension:largeBlob: true, webauthn:virtualAuthenticators: true}
Session ID: d1db2394d2820d24afe521893f8266f4 
2022-11-01 01:15:41,427 INFO  [Log] Scenario 14 = PASSED 
2022-11-01 01:27:17,609 ERROR [Log] Scenario 15 = FAILED with cause : javascript error: Unexpected identifier 'fru'
  (Session info: chrome=107.0.5304.87)
Build info: version: '4.1.4', revision: '535d840ee2'
System info: host: 'Meliha-Yrtar-MacBook-Air.local', ip: 'fe80:0:0:0:c68:b170:16e9:57fd%en0', os.name: 'Mac OS X', os.arch: 'x86_64', os.version: '10.16', java.version: '1.8.0_201'
Driver info: org.openqa.selenium.chrome.ChromeDriver
Command: [a1cf4a50b8b191449b3141964952edbe, executeScript {script=$("span:contains('LEMON')").filter(function(){ return $(this).text() == 'LEMON'; }).parent().click()fru, args=[]}]
Capabilities {acceptInsecureCerts: false, browserName: chrome, browserVersion: 107.0.5304.87, chrome: {chromedriverVersion: 107.0.5304.62 (1eec40d3a576..., userDataDir: /var/folders/55/74nh5c3x6w7...}, goog:chromeOptions: {debuggerAddress: localhost:53071}, javascriptEnabled: true, networkConnectionEnabled: false, pageLoadStrategy: normal, platform: MAC, platformName: MAC, proxy: Proxy(), se:cdp: ws://localhost:53071/devtoo..., se:cdpVersion: 107.0.5304.87, setWindowRect: true, strictFileInteractability: false, timeouts: {implicit: 0, pageLoad: 300000, script: 30000}, unhandledPromptBehavior: dismiss and notify, webauthn:extension:credBlob: true, webauthn:extension:largeBlob: true, webauthn:virtualAuthenticators: true}
Session ID: a1cf4a50b8b191449b3141964952edbe 
2022-11-01 01:30:20,897 ERROR [Log] Scenario 15 = FAILED with cause : javascript error: Unexpected identifier 'fru'
  (Session info: chrome=107.0.5304.87)
Build info: version: '4.1.4', revision: '535d840ee2'
System info: host: 'Meliha-Yrtar-MacBook-Air.local', ip: 'fe80:0:0:0:c68:b170:16e9:57fd%en0', os.name: 'Mac OS X', os.arch: 'x86_64', os.version: '10.16', java.version: '1.8.0_201'
Driver info: org.openqa.selenium.chrome.ChromeDriver
Command: [1077f885859ebc8e3e9956397ebd5e91, executeScript {script=$("span:contains('LEMON')").filter(function(){ return $(this).text() == 'LEMON'; }).parent().click()fru, args=[]}]
Capabilities {acceptInsecureCerts: false, browserName: chrome, browserVersion: 107.0.5304.87, chrome: {chromedriverVersion: 107.0.5304.62 (1eec40d3a576..., userDataDir: /var/folders/55/74nh5c3x6w7...}, goog:chromeOptions: {debuggerAddress: localhost:53102}, javascriptEnabled: true, networkConnectionEnabled: false, pageLoadStrategy: normal, platform: MAC, platformName: MAC, proxy: Proxy(), se:cdp: ws://localhost:53102/devtoo..., se:cdpVersion: 107.0.5304.87, setWindowRect: true, strictFileInteractability: false, timeouts: {implicit: 0, pageLoad: 300000, script: 30000}, unhandledPromptBehavior: dismiss and notify, webauthn:extension:credBlob: true, webauthn:extension:largeBlob: true, webauthn:virtualAuthenticators: true}
Session ID: 1077f885859ebc8e3e9956397ebd5e91 
2022-11-01 01:35:53,631 ERROR [Log] Scenario 15 = FAILED with cause : javascript error: Unexpected identifier 'fru'
  (Session info: chrome=107.0.5304.87)
Build info: version: '4.1.4', revision: '535d840ee2'
System info: host: 'Meliha-Yrtar-MacBook-Air.local', ip: 'fe80:0:0:0:c68:b170:16e9:57fd%en0', os.name: 'Mac OS X', os.arch: 'x86_64', os.version: '10.16', java.version: '1.8.0_201'
Driver info: org.openqa.selenium.chrome.ChromeDriver
Command: [c199022d77642c1865f4edddfcfa041e, executeScript {script=$("span:contains('LEMON')").filter(function(){ return $(this).text() == 'LEMON'; }).parent().click()fru, args=[]}]
Capabilities {acceptInsecureCerts: false, browserName: chrome, browserVersion: 107.0.5304.87, chrome: {chromedriverVersion: 107.0.5304.62 (1eec40d3a576..., userDataDir: /var/folders/55/74nh5c3x6w7...}, goog:chromeOptions: {debuggerAddress: localhost:53135}, javascriptEnabled: true, networkConnectionEnabled: false, pageLoadStrategy: normal, platform: MAC, platformName: MAC, proxy: Proxy(), se:cdp: ws://localhost:53135/devtoo..., se:cdpVersion: 107.0.5304.87, setWindowRect: true, strictFileInteractability: false, timeouts: {implicit: 0, pageLoad: 300000, script: 30000}, unhandledPromptBehavior: dismiss and notify, webauthn:extension:credBlob: true, webauthn:extension:largeBlob: true, webauthn:virtualAuthenticators: true}
Session ID: c199022d77642c1865f4edddfcfa041e 
2022-11-01 01:37:20,515 ERROR [Log] Scenario 15 = FAILED with cause : javascript error: Unexpected identifier 'fru'
  (Session info: chrome=107.0.5304.87)
Build info: version: '4.1.4', revision: '535d840ee2'
System info: host: 'Meliha-Yrtar-MacBook-Air.local', ip: 'fe80:0:0:0:c68:b170:16e9:57fd%en0', os.name: 'Mac OS X', os.arch: 'x86_64', os.version: '10.16', java.version: '1.8.0_201'
Driver info: org.openqa.selenium.chrome.ChromeDriver
Command: [57176d6f5099329ed9c5b4fef12ffc84, executeScript {script=$("span:contains('LEMON')").filter(function(){ return $(this).text() == 'LEMON'; }).parent().click()fru, args=[]}]
Capabilities {acceptInsecureCerts: false, browserName: chrome, browserVersion: 107.0.5304.87, chrome: {chromedriverVersion: 107.0.5304.62 (1eec40d3a576..., userDataDir: /var/folders/55/74nh5c3x6w7...}, goog:chromeOptions: {debuggerAddress: localhost:53161}, javascriptEnabled: true, networkConnectionEnabled: false, pageLoadStrategy: normal, platform: MAC, platformName: MAC, proxy: Proxy(), se:cdp: ws://localhost:53161/devtoo..., se:cdpVersion: 107.0.5304.87, setWindowRect: true, strictFileInteractability: false, timeouts: {implicit: 0, pageLoad: 300000, script: 30000}, unhandledPromptBehavior: dismiss and notify, webauthn:extension:credBlob: true, webauthn:extension:largeBlob: true, webauthn:virtualAuthenticators: true}
Session ID: 57176d6f5099329ed9c5b4fef12ffc84 
2022-11-01 01:40:15,792 ERROR [Log] Scenario 15 = FAILED with cause : The total price in the basket does not match. ==> expected: <£20.53> but was: <£26.51> 
2022-11-01 01:45:15,376 ERROR [Log] Scenario 15 = FAILED with cause : The number of items entered in the basket does not match. ==> expected: <3> but was: <4> 
2022-11-01 01:48:24,344 INFO  [Log] Scenario 15 = PASSED 
2022-11-01 01:49:07,846 ERROR [Log] Scenario 16 = FAILED with cause : The keyboard screen did not open to enter the weight of the product.
 ==> expected: <block> but was: <none> 
2022-11-01 01:50:56,443 ERROR [Log] Scenario 16 = FAILED with cause : The total price in the basket does not match. ==> expected: <£1.71> but was: <£2.22> 
2022-11-01 01:55:57,577 INFO  [Log] Scenario 16 = PASSED 
2022-11-01 02:02:26,551 ERROR [Log] Scenario 17 = FAILED with cause : The keyboard screen did not open to enter the weight of the product. ==> expected: <block> but was: <none> 
2022-11-01 02:06:11,196 INFO  [Log] Scenario 17 = PASSED 
